This is pdfTeX, Version 3.14159265-2.6-1.40.16 (TeX Live 2015) (preloaded format=pdflatex 2015.12.16)  14 DEC 2016 12:30
entering extended mode
 restricted \write18 enabled.
 %&-line parsing enabled.
**nuoscreview
(./nuoscreview.tex
LaTeX2e <2015/01/01>
Babel <3.9l> and hyphenation patterns for 79 languages loaded.
(/usr/local/texlive/2015/texmf-dist/tex/latex/elsarticle/elsarticle.cls
Document Class: elsarticle 2009/09/17, 1.2.0: Elsevier Ltd
\@bls=\dimen102
(/usr/local/texlive/2015/texmf-dist/tex/latex/base/article.cls
Document Class: article 2014/09/29 v1.4h Standard LaTeX document class
(/usr/local/texlive/2015/texmf-dist/tex/latex/base/size12.clo
File: size12.clo 2014/09/29 v1.4h Standard LaTeX file (size option)
)
\c@part=\count79
\c@section=\count80
\c@subsection=\count81
\c@subsubsection=\count82
\c@paragraph=\count83
\c@subparagraph=\count84
\c@figure=\count85
\c@table=\count86
\abovecaptionskip=\skip41
\belowcaptionskip=\skip42
\bibindent=\dimen103
)
(/usr/local/texlive/2015/texmf-dist/tex/latex/graphics/graphicx.sty
Package: graphicx 2014/10/28 v1.0g Enhanced LaTeX Graphics (DPC,SPQR)

(/usr/local/texlive/2015/texmf-dist/tex/latex/graphics/keyval.sty
Package: keyval 2014/10/28 v1.15 key=value parser (DPC)
\KV@toks@=\toks14
)
(/usr/local/texlive/2015/texmf-dist/tex/latex/graphics/graphics.sty
Package: graphics 2014/10/28 v1.0p Standard LaTeX Graphics (DPC,SPQR)

(/usr/local/texlive/2015/texmf-dist/tex/latex/graphics/trig.sty
Package: trig 1999/03/16 v1.09 sin cos tan (DPC)
)
(/usr/local/texlive/2015/texmf-dist/tex/latex/latexconfig/graphics.cfg
File: graphics.cfg 2010/04/23 v1.9 graphics configuration of TeX Live
)
Package graphics Info: Driver file: pdftex.def on input line 94.

(/usr/local/texlive/2015/texmf-dist/tex/latex/pdftex-def/pdftex.def
File: pdftex.def 2011/05/27 v0.06d Graphics/color for pdfTeX

(/usr/local/texlive/2015/texmf-dist/tex/generic/oberdiek/infwarerr.sty
Package: infwarerr 2010/04/08 v1.3 Providing info/warning/error messages (HO)
)
(/usr/local/texlive/2015/texmf-dist/tex/generic/oberdiek/ltxcmds.sty
Package: ltxcmds 2011/11/09 v1.22 LaTeX kernel commands for general use (HO)
)
\Gread@gobject=\count87
))
\Gin@req@height=\dimen104
\Gin@req@width=\dimen105
)
(/usr/local/texlive/2015/texmf-dist/tex/latex/psnfss/pifont.sty
Package: pifont 2005/04/12 PSNFSS-v9.2a Pi font support (SPQR) 
LaTeX Font Info:    Try loading font information for U+pzd on input line 63.

(/usr/local/texlive/2015/texmf-dist/tex/latex/psnfss/upzd.fd
File: upzd.fd 2001/06/04 font definitions for U/pzd.
)
LaTeX Font Info:    Try loading font information for U+psy on input line 64.

(/usr/local/texlive/2015/texmf-dist/tex/latex/psnfss/upsy.fd
File: upsy.fd 2001/06/04 font definitions for U/psy.
))
\c@tnote=\count88
\c@fnote=\count89
\c@cnote=\count90
\c@ead=\count91
\c@author=\count92
\@eadauthor=\toks15
\c@affn=\count93
\absbox=\box26
\keybox=\box27
\Columnwidth=\dimen106
\space@left=\dimen107
\els@boxa=\box28
\els@boxb=\box29
\leftMargin=\dimen108
\@enLab=\toks16
\@sep=\skip43
\@@sep=\skip44

(./nuoscreview.spl)
(/usr/local/texlive/2015/texmf-dist/tex/latex/natbib/natbib.sty
Package: natbib 2010/09/13 8.31b (PWD, AO)
\bibhang=\skip45
\bibsep=\skip46
LaTeX Info: Redefining \cite on input line 694.
\c@NAT@ctr=\count94
)
\splwrite=\write3
\openout3 = `nuoscreview.spl'.

)
(./symbols.tex (/usr/local/texlive/2015/texmf-dist/tex/latex/tools/xspace.sty
Package: xspace 2014/10/28 v1.13 Space after command names (DPC,MH)
)) (/usr/local/texlive/2015/texmf-dist/tex/latex/amsfonts/amssymb.sty
Package: amssymb 2013/01/14 v3.01 AMS font symbols

(/usr/local/texlive/2015/texmf-dist/tex/latex/amsfonts/amsfonts.sty
Package: amsfonts 2013/01/14 v3.01 Basic AMSFonts support
\@emptytoks=\toks17
\symAMSa=\mathgroup4
\symAMSb=\mathgroup5
LaTeX Font Info:    Overwriting math alphabet `\mathfrak' in version `bold'
(Font)                  U/euf/m/n --> U/euf/b/n on input line 106.
))
(./nuoscreview.aux)
\openout1 = `nuoscreview.aux'.

LaTeX Font Info:    Checking defaults for OML/cmm/m/it on input line 65.
LaTeX Font Info:    ... okay on input line 65.
LaTeX Font Info:    Checking defaults for T1/cmr/m/n on input line 65.
LaTeX Font Info:    ... okay on input line 65.
LaTeX Font Info:    Checking defaults for OT1/cmr/m/n on input line 65.
LaTeX Font Info:    ... okay on input line 65.
LaTeX Font Info:    Checking defaults for OMS/cmsy/m/n on input line 65.
LaTeX Font Info:    ... okay on input line 65.
LaTeX Font Info:    Checking defaults for OMX/cmex/m/n on input line 65.
LaTeX Font Info:    ... okay on input line 65.
LaTeX Font Info:    Checking defaults for U/cmr/m/n on input line 65.
LaTeX Font Info:    ... okay on input line 65.

(/usr/local/texlive/2015/texmf-dist/tex/context/base/supp-pdf.mkii
[Loading MPS to PDF converter (version 2006.09.02).]
\scratchcounter=\count95
\scratchdimen=\dimen109
\scratchbox=\box30
\nofMPsegments=\count96
\nofMParguments=\count97
\everyMPshowfont=\toks18
\MPscratchCnt=\count98
\MPscratchDim=\dimen110
\MPnumerator=\count99
\makeMPintoPDFobject=\count100
\everyMPtoPDFconversion=\toks19
) (/usr/local/texlive/2015/texmf-dist/tex/generic/oberdiek/pdftexcmds.sty
Package: pdftexcmds 2011/11/29 v0.20 Utility functions of pdfTeX for LuaTeX (HO
)

(/usr/local/texlive/2015/texmf-dist/tex/generic/oberdiek/ifluatex.sty
Package: ifluatex 2010/03/01 v1.3 Provides the ifluatex switch (HO)
Package ifluatex Info: LuaTeX not detected.
)
(/usr/local/texlive/2015/texmf-dist/tex/generic/oberdiek/ifpdf.sty
Package: ifpdf 2011/01/30 v2.3 Provides the ifpdf switch (HO)
Package ifpdf Info: pdfTeX in PDF mode is detected.
)
Package pdftexcmds Info: LuaTeX not detected.
Package pdftexcmds Info: \pdf@primitive is available.
Package pdftexcmds Info: \pdf@ifprimitive is available.
Package pdftexcmds Info: \pdfdraftmode found.
)
(/usr/local/texlive/2015/texmf-dist/tex/latex/oberdiek/epstopdf-base.sty
Package: epstopdf-base 2010/02/09 v2.5 Base part for package epstopdf

(/usr/local/texlive/2015/texmf-dist/tex/latex/oberdiek/grfext.sty
Package: grfext 2010/08/19 v1.1 Manage graphics extensions (HO)

(/usr/local/texlive/2015/texmf-dist/tex/generic/oberdiek/kvdefinekeys.sty
Package: kvdefinekeys 2011/04/07 v1.3 Define keys (HO)
))
(/usr/local/texlive/2015/texmf-dist/tex/latex/oberdiek/kvoptions.sty
Package: kvoptions 2011/06/30 v3.11 Key value format for package options (HO)

(/usr/local/texlive/2015/texmf-dist/tex/generic/oberdiek/kvsetkeys.sty
Package: kvsetkeys 2012/04/25 v1.16 Key value parser (HO)

(/usr/local/texlive/2015/texmf-dist/tex/generic/oberdiek/etexcmds.sty
Package: etexcmds 2011/02/16 v1.5 Avoid name clashes with e-TeX commands (HO)
Package etexcmds Info: Could not find \expanded.
(etexcmds)             That can mean that you are not using pdfTeX 1.50 or
(etexcmds)             that some package has redefined \expanded.
(etexcmds)             In the latter case, load this package earlier.
)))
Package grfext Info: Graphics extension search list:
(grfext)             [.png,.pdf,.jpg,.mps,.jpeg,.jbig2,.jb2,.PNG,.PDF,.JPG,.JPE
G,.JBIG2,.JB2,.eps]
(grfext)             \AppendGraphicsExtensions on input line 452.

(/usr/local/texlive/2015/texmf-dist/tex/latex/latexconfig/epstopdf-sys.cfg
File: epstopdf-sys.cfg 2010/07/13 v1.3 Configuration of (r)epstopdf for TeX Liv
e
))
LaTeX Font Info:    Try loading font information for U+msa on input line 122.

(/usr/local/texlive/2015/texmf-dist/tex/latex/amsfonts/umsa.fd
File: umsa.fd 2013/01/14 v3.01 AMS symbols A
)
LaTeX Font Info:    Try loading font information for U+msb on input line 122.

(/usr/local/texlive/2015/texmf-dist/tex/latex/amsfonts/umsb.fd
File: umsb.fd 2013/01/14 v3.01 AMS symbols B
) (./intro.tex)
(./theory.tex) (./solar.tex [1


{/usr/local/texlive/2015/texmf-var/fonts/map/pdftex/updmap/pdftex.map}]) (./atm
ospheric.tex
<figures/fig7a-c.pdf, id=12, 407.5225pt x 377.41pt>
File: figures/fig7a-c.pdf Graphic file (type pdf)
 <use figures/fig7a-c.pdf>
Package pdftex.def Info: figures/fig7a-c.pdf used on input line 18.
(pdftex.def)             Requested size: 161.46126pt x 149.52737pt.

<figures/fig7b-c.pdf, id=13, 369.38pt x 377.41pt>
File: figures/fig7b-c.pdf Graphic file (type pdf)
 <use figures/fig7b-c.pdf>
Package pdftex.def Info: figures/fig7b-c.pdf used on input line 21.
(pdftex.def)             Requested size: 161.46126pt x 164.97249pt.


Package natbib Warning: Citation `PhysRevD.83.123001' on page 2 undefined on in
put line 23.


Package natbib Warning: Citation `Gaisser:2002jj' on page 2 undefined on input 
line 28.


Package natbib Warning: Citation `PhysRevD.83.123001' on page 2 undefined on in
put line 28.


Package natbib Warning: Citation `Barr:2004br' on page 2 undefined on input lin
e 28.


Package natbib Warning: Citation `Battistoni:2002ew' on page 2 undefined on inp
ut line 28.

[2]

Package natbib Warning: Citation `Reines:1965qk' on page 3 undefined on input l
ine 32.


Package natbib Warning: Citation `Achar:1965ova' on page 3 undefined on input l
ine 32.

[3 <./figures/fig7a-c.pdf> <./figures/fig7b-c.pdf>]

Package natbib Warning: Citation `Fukuda:1998mi' on page 4 undefined on input l
ine 44.


Overfull \hbox (72.20282pt too wide) in paragraph at lines 48--50
[]\OT1/cmr/m/n/12 In a two neu-trino sce-nario, the $\OML/cmm/m/it/12 ^^W[]$ \O
T1/cmr/m/n/12 dis-ap-pear-ance is gov-erned by $[][](2\OML/cmm/m/it/12 ^^R\OT1/
cmr/m/n/12 ) [][](4^^A\OML/cmm/m/it/12 m[]L=E\OT1/cmr/m/n/12 )$,
 []

LaTeX Font Info:    Try loading font information for OMS+cmr on input line 50.
(/usr/local/texlive/2015/texmf-dist/tex/latex/base/omscmr.fd
File: omscmr.fd 2014/09/29 v2.5h Standard LaTeX font definitions
)
LaTeX Font Info:    Font shape `OMS/cmr/m/n' in size <12> not available
(Font)              Font shape `OMS/cmsy/m/n' tried instead on input line 50.

<figures/sk-2006-atm.pdf, id=47, 614.295pt x 794.97pt>
File: figures/sk-2006-atm.pdf Graphic file (type pdf)

<use figures/sk-2006-atm.pdf>
Package pdftex.def Info: figures/sk-2006-atm.pdf used on input line 59.
(pdftex.def)             Requested size: 234.00238pt x 302.83168pt.


Package natbib Warning: Citation `Hosaka:2006zd' on page 4 undefined on input l
ine 66.


Package natbib Warning: Citation `Hosaka:2006zd' on page 4 undefined on input l
ine 66.

[4] [5 <./figures/sk-2006-atm.pdf>]

Package natbib Warning: Citation `Aartsen2016161' on page 6 undefined on input 
line 74.

<figures/icecube_osc2014_data_mc_LE.pdf, id=59, 505.89pt x 433.62pt>
File: figures/icecube_osc2014_data_mc_LE.pdf Graphic file (type pdf)

<use figures/icecube_osc2014_data_mc_LE.pdf>
Package pdftex.def Info: figures/icecube_osc2014_data_mc_LE.pdf used on input l
ine 80.
(pdftex.def)             Requested size: 234.00238pt x 200.57257pt.


Package natbib Warning: Citation `Aartsen2016161' on page 6 undefined on input 
line 85.


Package natbib Warning: Citation `Aartsen2016161' on page 6 undefined on input 
line 85.

) (./longbaseline.tex

Package natbib Warning: Citation `Kopp2007101' on page 6 undefined on input lin
e 3.

[6 <./figures/icecube_osc2014_data_mc_LE.pdf>]

Package natbib Warning: Citation `1995bnl' on page 7 undefined on input line 11
.

<figures/offaxis.pdf, id=286, 569.12625pt x 368.37625pt>
File: figures/offaxis.pdf Graphic file (type pdf)

<use figures/offaxis.pdf>
Package pdftex.def Info: figures/offaxis.pdf used on input line 22.
(pdftex.def)             Requested size: 234.00238pt x 151.46242pt.
 [7]
Overfull \hbox (5.165pt too wide) in paragraph at lines 34--47
 [][] 
 []

[8 <./figures/offaxis.pdf, page is rotated 90 degrees>]

Package natbib Warning: Citation `Ahn:2006zza' on page 9 undefined on input lin
e 67.

[9]

LaTeX Warning: Reference `fig:t2kdis' on page 10 undefined on input line 72.


LaTeX Warning: Reference `fig:t2katm-contour' on page 10 undefined on input lin
e 72.


<figures/bestfit_sinsqth23vsdcpvsmh_1rmu_run17.pdf, id=340, 569.12625pt x 385.4
4pt>
File: figures/bestfit_sinsqth23vsdcpvsmh_1rmu_run17.pdf Graphic file (type pdf)

 <use figures/bestfit_sinsqth23vsdcpvsmh_1rmu_run17.pdf>
Package pdftex.def Info: figures/bestfit_sinsqth23vsdcpvsmh_1rmu_run17.pdf used
 on input line 76.
(pdftex.def)             Requested size: 117.00119pt x 79.2392pt.

<figures/bestfit_sinsqth23vsdcpvsmh_rhc1rmu_run17.pdf, id=341, 569.12625pt x 38
5.44pt>
File: figures/bestfit_sinsqth23vsdcpvsmh_rhc1rmu_run17.pdf Graphic file (type p
df)
 <use figures/bestfit_sinsqth23vsdcpvsmh_rhc1rmu_run17.pdf>
Package pdftex.def Info: figures/bestfit_sinsqth23vsdcpvsmh_rhc1rmu_run17.pdf u
sed on input line 77.
(pdftex.def)             Requested size: 117.00119pt x 79.2392pt.

<figures/nu_vs_nubar_datafit_17c_nh.pdf, id=342, 569.12625pt x 317.185pt>
File: figures/nu_vs_nubar_datafit_17c_nh.pdf Graphic file (type pdf)

<use figures/nu_vs_nubar_datafit_17c_nh.pdf>
Package pdftex.def Info: figures/nu_vs_nubar_datafit_17c_nh.pdf used on input l
ine 88.
(pdftex.def)             Requested size: 234.00238pt x 130.4145pt.


LaTeX Warning: Reference `fig:atm-contour' on page 10 undefined on input line 9
3.


Overfull \hbox (11.53064pt too wide) in paragraph at lines 93--94
[]\OT1/cmr/m/n/12 NO$\OML/cmm/m/it/12 ^^W$\OT1/cmr/m/n/12 A has also re-ported 
a mea-sure-ment of $\OML/cmm/m/it/12 ^^W[]$ \OT1/cmr/m/n/12 dis-ap-pear-ance us
-ing 6.05$\OMS/cmsy/m/n/12 ^^B\OT1/cmr/m/n/12 10[]$
 []

<figures/sinsqth23vsdmsq_react_othexp_nh.pdf, id=343, 569.12625pt x 385.44pt>
File: figures/sinsqth23vsdmsq_react_othexp_nh.pdf Graphic file (type pdf)

<use figures/sinsqth23vsdmsq_react_othexp_nh.pdf>
Package pdftex.def Info: figures/sinsqth23vsdmsq_react_othexp_nh.pdf used on in
put line 97.
(pdftex.def)             Requested size: 195.0pt x 132.06534pt.


LaTeX Warning: Reference `fig:novadiscomparison' on page 10 undefined on input 
line 104.


LaTeX Warning: Reference `fig:t2kdiscomparison' on page 10 undefined on input l
ine 104.

[10] [11 <./figures/bestfit_sinsqth23vsdcpvsmh_1rmu_run17.pdf, page is rotated 
90 degrees> <./figures/bestfit_sinsqth23vsdcpvsmh_rhc1rmu_run17.pdf, page is ro
tated 90 degrees> <./figures/nu_vs_nubar_datafit_17c_nh.pdf, page is rotated 90
 degrees> <./figures/sinsqth23vsdmsq_react_othexp_nh.pdf, page is rotated 90 de
grees>] <figures/nova_comparison.pdf, id=525, 335.85445pt x 238.47946pt>
File: figures/nova_comparison.pdf Graphic file (type pdf)

<use figures/nova_comparison.pdf>
Package pdftex.def Info: figures/nova_comparison.pdf used on input line 108.
(pdftex.def)             Requested size: 234.00238pt x 166.1594pt.
File: figures/nova_comparison.pdf Graphic file (type pdf)
 <use figures/nova_comparison.pdf>
Package pdftex.def Info: figures/nova_comparison.pdf used on input line 114.
(pdftex.def)             Requested size: 234.00238pt x 166.1594pt.


LaTeX Warning: Reference `fig:opera' on page 12 undefined on input line 123.


Package natbib Warning: Citation `Agafonova:2015jxn' on page 12 undefined on in
put line 125.


Package natbib Warning: Citation `Abe:2012jj' on page 12 undefined on input lin
e 128.

[12 <./figures/nova_comparison.pdf>]
<figures/tau4.pdf, id=632, 945.5325pt x 675.52374pt>
File: figures/tau4.pdf Graphic file (type pdf)
 <use figures/tau4.pdf>
Package pdftex.def Info: figures/tau4.pdf used on input line 134.
(pdftex.def)             Requested size: 234.00238pt x 167.17975pt.


Package natbib Warning: Citation `DICRESCENZO2015186' on page 13 undefined on i
nput line 141.


Package natbib Warning: Citation `DICRESCENZO2015186' on page 13 undefined on i
nput line 141.

) (./theta13.tex [13]
Overfull \hbox (23.27377pt too wide) in alignment at lines 15--22
 [][][] []
 []


Overfull \hbox (14.39038pt too wide) in paragraph at lines 27--29
\OT1/cmr/m/n/12 in-clude $\OML/cmm/m/it/12 a$ \OT1/cmr/m/n/12 are a con-se-quen
ce of the mat-ter ef-fects with $\OML/cmm/m/it/12 a \OT1/cmr/m/n/12 = 2[]\OML/c
mm/m/it/12 G[]n[]E[] [] \OT1/cmr/m/n/12 =  []7\OML/cmm/m/it/12 :\OT1/cmr/m/n/12
 56 \OMS/cmsy/m/n/12 ^^B
 []

[14 <./figures/tau4.pdf>]) (./theta13_exp.tex) (./deltacp.tex

LaTeX Warning: Reference `sec:theta13' on page 15 undefined on input line 2.


LaTeX Warning: Reference `eq:theta13app' on page 15 undefined on input line 2.


Package natbib Warning: Citation `Abe:2013hdq' on page 15 undefined on input li
ne 4.


LaTeX Warning: Reference `fig:t2kapp' on page 15 undefined on input line 4.


LaTeX Warning: Reference `fig:novaapp' on page 15 undefined on input line 4.


LaTeX Warning: File `plotPhysics/nueapp_ptheta.pdf' not found on input line 8.


! Package pdftex.def Error: File `plotPhysics/nueapp_ptheta.pdf' not found.

See the pdftex.def package documentation for explanation.
Type  H <return>  for immediate help.
 ...                                              
                                                  
l.8 ...s[width=8cm]{plotPhysics/nueapp_ptheta.pdf}
                                                  
? 

Package natbib Warning: Citation `Abe:2013hdq' on page 15 undefined on input li
ne 9.


LaTeX Warning: `!h' float specifier changed to `!ht'.


LaTeX Warning: File `plotPhysics/nueapp_NOVA.pdf' not found on input line 15.


! Package pdftex.def Error: File `plotPhysics/nueapp_NOVA.pdf' not found.

See the pdftex.def package documentation for explanation.
Type  H <return>  for immediate help.
 ...                                              
                                                  
l.15 ...cs[width=8cm]{plotPhysics/nueapp_NOVA.pdf}
                                                  
? 

Package natbib Warning: Citation `Abe:2013hdq' on page 15 undefined on input li
ne 16.


LaTeX Warning: `!h' float specifier changed to `!ht'.

[15]

LaTeX Warning: Reference `fig:t2kappprob' on page 16 undefined on input line 23
.


LaTeX Warning: File `plotPhysics/papp_prob_2.pdf' not found on input line 27.


! Package pdftex.def Error: File `plotPhysics/papp_prob_2.pdf' not found.

See the pdftex.def package documentation for explanation.
Type  H <return>  for immediate help.
 ...                                              
                                                  
l.27 ...cs[width=8cm]{plotPhysics/papp_prob_2.pdf}
                                                  
? 

LaTeX Warning: `!h' float specifier changed to `!ht'.


LaTeX Warning: Reference `fig:t2kappnub' on page 16 undefined on input line 32.


[16]

LaTeX Warning: File `plotPhysics/papp_prob.pdf' not found on input line 36.


! Package pdftex.def Error: File `plotPhysics/papp_prob.pdf' not found.

See the pdftex.def package documentation for explanation.
Type  H <return>  for immediate help.
 ...                                              
                                                  
l.36 ...ics[width=14cm]{plotPhysics/papp_prob.pdf}
                                                  
? 

Overfull \hbox (8.33858pt too wide) in paragraph at lines 36--37
 [] 
 []


LaTeX Warning: `!h' float specifier changed to `!ht'.


LaTeX Warning: Reference `eq:theta13app' on page 17 undefined on input line 41.



Package natbib Warning: Citation `sec:future' on page 17 undefined on input lin
e 44.

[17]) (./summaryPMNS.tex) (./anomalies.tex [18]) (./future.tex [19])
(./conclusions.tex) (./nuoscreview.bbl
Overfull \hbox (69.1095pt too wide) in paragraph at lines 8--12
\OT1/cmr/m/n/12 URL \OT1/cmtt/m/n/12 http://www.sciencedirect.com/science/artic
le/pii/S0550321316300141 
 []

[20]
Overfull \hbox (69.1095pt too wide) in paragraph at lines 48--52
\OT1/cmr/m/n/12 URL \OT1/cmtt/m/n/12 http://www.sciencedirect.com/science/artic
le/pii/S2405601415003892 
 []


Overfull \hbox (69.1095pt too wide) in paragraph at lines 73--76
\OT1/cmr/m/n/12 URL \OT1/cmtt/m/n/12 http://www.sciencedirect.com/science/artic
le/pii/S0370157306004431 
 []

)

Package natbib Warning: There were undefined citations.

[21] (./nuoscreview.aux

Package natbib Warning: Citation(s) may have changed.
(natbib)                Rerun to get citations correct.

)

LaTeX Warning: There were undefined references.


LaTeX Warning: Label(s) may have changed. Rerun to get cross-references right.

 ) 
Here is how much of TeX's memory you used:
 2824 strings out of 493089
 37099 string characters out of 6134841
 98455 words of memory out of 5000000
 6207 multiletter control sequences out of 15000+600000
 12450 words of font info for 48 fonts, out of 8000000 for 9000
 1141 hyphenation exceptions out of 8191
 38i,9n,30p,1079b,260s stack positions out of 5000i,500n,10000p,200000b,80000s
</usr/local/texlive/2015/texmf-dist/fonts/type1/public/amsfonts/cm/cmbx10.pfb
></usr/local/texlive/2015/texmf-dist/fonts/type1/public/amsfonts/cm/cmbx12.pfb>
</usr/local/texlive/2015/texmf-dist/fonts/type1/public/amsfonts/cm/cmex10.pfb><
/usr/local/texlive/2015/texmf-dist/fonts/type1/public/amsfonts/cm/cmmi10.pfb></
usr/local/texlive/2015/texmf-dist/fonts/type1/public/amsfonts/cm/cmmi12.pfb></u
sr/local/texlive/2015/texmf-dist/fonts/type1/public/amsfonts/cm/cmmi7.pfb></usr
/local/texlive/2015/texmf-dist/fonts/type1/public/amsfonts/cm/cmmi8.pfb></usr/l
ocal/texlive/2015/texmf-dist/fonts/type1/public/amsfonts/cm/cmr10.pfb></usr/loc
al/texlive/2015/texmf-dist/fonts/type1/public/amsfonts/cm/cmr12.pfb></usr/local
/texlive/2015/texmf-dist/fonts/type1/public/amsfonts/cm/cmr17.pfb></usr/local/t
exlive/2015/texmf-dist/fonts/type1/public/amsfonts/cm/cmr7.pfb></usr/local/texl
ive/2015/texmf-dist/fonts/type1/public/amsfonts/cm/cmr8.pfb></usr/local/texlive
/2015/texmf-dist/fonts/type1/public/amsfonts/cm/cmsy10.pfb></usr/local/texlive/
2015/texmf-dist/fonts/type1/public/amsfonts/cm/cmsy7.pfb></usr/local/texlive/20
15/texmf-dist/fonts/type1/public/amsfonts/cm/cmsy8.pfb></usr/local/texlive/2015
/texmf-dist/fonts/type1/public/amsfonts/cm/cmti10.pfb></usr/local/texlive/2015/
texmf-dist/fonts/type1/public/amsfonts/cm/cmti12.pfb></usr/local/texlive/2015/t
exmf-dist/fonts/type1/public/amsfonts/cm/cmtt12.pfb>
Output written on nuoscreview.pdf (21 pages, 686663 bytes).
PDF statistics:
 715 PDF objects out of 1000 (max. 8388607)
 300 compressed objects within 3 object streams
 0 named destinations out of 1000 (max. 500000)
 56 words of extra memory for PDF output out of 10000 (max. 10000000)

